<?xml version="1.0" encoding="UTF-8"?>
<testsuite xmlns:xsi="http://www.w3.org/2001/XMLSchema-instance" xsi:noNamespaceSchemaLocation="https://maven.apache.org/surefire/maven-surefire-plugin/xsd/surefire-test-report.xsd" name="TestVerification" time="5.057" tests="8" errors="0" skipped="0" failures="0">
  <properties>
[...]
</properties>
  <testcase name="_01create" classname="TestVerification" time="4.521"/>
  <testcase name="_02find" classname="TestVerification" time="0.071"/>
  <testcase name="_03findAll" classname="TestVerification" time="0.221"/>
  <testcase name="_04delete" classname="TestVerification" time="0.105"/>
  <testcase name="_05entityNotFoundException" classname="TestVerification" time="0.003"/>
  <testcase name="_06entityCreateException" classname="TestVerification" time="0.039"/>
  <testcase name="_07entityDeleteException" classname="TestVerification" time="0.009"/>
  <testcase name="_08entityEmptyListException" classname="TestVerification" time="0.047"/>
</testsuite>